epoch,train_loss,val_loss
1,0.3499,0.3004
2,0.2485,0.1883
3,0.1488,0.1178
4,0.0998,0.0917
5,0.0833,0.0835
6,0.0781,0.0807
7,0.0762,0.0796
8,0.0754,0.0791
9,0.0750,0.0787
10,0.0747,0.0786
11,0.0746,0.0784
12,0.0744,0.0783
13,0.0744,0.0782
14,0.0743,0.0781
15,0.0742,0.0781
16,0.0741,0.0780
17,0.0741,0.0780
18,0.0740,0.0779
19,0.0740,0.0779
20,0.0739,0.0778
21,0.0739,0.0778
22,0.0739,0.0778
23,0.0738,0.0777
24,0.0738,0.0777
25,0.0738,0.0777
26,0.0737,0.0776
27,0.0737,0.0776
28,0.0737,0.0776
29,0.0737,0.0776
30,0.0736,0.0775
31,0.0736,0.0775
32,0.0736,0.0775
33,0.0736,0.0775
34,0.0736,0.0775
35,0.0735,0.0775
36,0.0735,0.0774
37,0.0735,0.0774
38,0.0735,0.0774
39,0.0735,0.0774
40,0.0734,0.0774
41,0.0734,0.0774
42,0.0734,0.0774
43,0.0734,0.0773
44,0.0734,0.0773
45,0.0734,0.0773
46,0.0733,0.0773
47,0.0733,0.0773
48,0.0733,0.0773
49,0.0733,0.0773
50,0.0733,0.0773
51,0.0733,0.0772
52,0.0732,0.0772
53,0.0732,0.0772
54,0.0732,0.0772
55,0.0732,0.0772
56,0.0732,0.0772
57,0.0732,0.0772
58,0.0731,0.0771
59,0.0731,0.0771
60,0.0731,0.0771
61,0.0731,0.0771
62,0.0730,0.0771
63,0.0730,0.0770
64,0.0730,0.0770
65,0.0730,0.0770
66,0.0729,0.0770
67,0.0729,0.0769
68,0.0729,0.0769
69,0.0728,0.0769
70,0.0728,0.0769
71,0.0728,0.0768
72,0.0727,0.0768
73,0.0727,0.0767
74,0.0726,0.0767
75,0.0726,0.0767
76,0.0725,0.0766
77,0.0725,0.0765
78,0.0724,0.0765
79,0.0723,0.0764
80,0.0723,0.0763
81,0.0722,0.0763
82,0.0721,0.0762
83,0.0720,0.0761
84,0.0720,0.0760
85,0.0719,0.0759
86,0.0718,0.0758
87,0.0717,0.0757
88,0.0716,0.0756
89,0.0715,0.0755
90,0.0714,0.0753
91,0.0713,0.0752
92,0.0713,0.0751
93,0.0712,0.0750
94,0.0711,0.0749
95,0.0710,0.0748
96,0.0709,0.0746
97,0.0708,0.0745
98,0.0708,0.0744
99,0.0707,0.0743
100,0.0706,0.0742
101,0.0705,0.0741
102,0.0704,0.0740
103,0.0704,0.0739
104,0.0703,0.0738
105,0.0702,0.0738
106,0.0701,0.0737
107,0.0700,0.0736
108,0.0700,0.0735
109,0.0699,0.0734
110,0.0698,0.0733
111,0.0698,0.0733
112,0.0697,0.0732
113,0.0696,0.0731
114,0.0695,0.0730
115,0.0695,0.0729
116,0.0694,0.0729
117,0.0693,0.0728
118,0.0693,0.0727
119,0.0692,0.0727
120,0.0691,0.0726
121,0.0690,0.0725
122,0.0690,0.0724
123,0.0689,0.0724
124,0.0688,0.0723
125,0.0688,0.0722
126,0.0687,0.0722
127,0.0686,0.0721
128,0.0686,0.0721
129,0.0685,0.0720
130,0.0684,0.0719
131,0.0684,0.0719
132,0.0683,0.0718
133,0.0682,0.0718
134,0.0682,0.0717
135,0.0681,0.0716
136,0.0681,0.0716
137,0.0680,0.0715
138,0.0679,0.0715
139,0.0679,0.0714
140,0.0678,0.0714
141,0.0678,0.0713
142,0.0677,0.0713
143,0.0676,0.0712
144,0.0676,0.0712
145,0.0675,0.0711
146,0.0675,0.0711
147,0.0674,0.0710
148,0.0674,0.0710
149,0.0673,0.0709
150,0.0673,0.0709
151,0.0672,0.0708
152,0.0672,0.0708
153,0.0671,0.0708
154,0.0671,0.0707
155,0.0670,0.0707
156,0.0670,0.0706
157,0.0669,0.0706
158,0.0669,0.0705
159,0.0668,0.0705
160,0.0668,0.0705
161,0.0667,0.0704
162,0.0667,0.0704
163,0.0666,0.0703
164,0.0666,0.0703
165,0.0665,0.0703
166,0.0665,0.0702
167,0.0664,0.0702
168,0.0664,0.0701
169,0.0663,0.0701
170,0.0663,0.0701
171,0.0663,0.0700
172,0.0662,0.0700
173,0.0662,0.0700
174,0.0661,0.0699
175,0.0661,0.0699
176,0.0660,0.0699
177,0.0660,0.0698
178,0.0660,0.0698
179,0.0659,0.0698
180,0.0659,0.0697
181,0.0658,0.0697
182,0.0658,0.0697
183,0.0658,0.0696
184,0.0657,0.0696
185,0.0657,0.0696
186,0.0656,0.0696
187,0.0656,0.0695
188,0.0656,0.0695
189,0.0655,0.0695
190,0.0655,0.0694
191,0.0654,0.0694
192,0.0654,0.0694
193,0.0654,0.0694
194,0.0653,0.0693
195,0.0653,0.0693
196,0.0653,0.0693
197,0.0652,0.0692
198,0.0652,0.0692
199,0.0652,0.0692
200,0.0651,0.0692
201,0.0651,0.0691
202,0.0650,0.0691
203,0.0650,0.0691
204,0.0650,0.0690
205,0.0649,0.0690
206,0.0649,0.0690
207,0.0649,0.0690
208,0.0648,0.0689
209,0.0648,0.0689
210,0.0648,0.0689
211,0.0648,0.0689
212,0.0647,0.0688
213,0.0647,0.0688
214,0.0647,0.0688
215,0.0646,0.0687
216,0.0646,0.0687
217,0.0646,0.0687
218,0.0645,0.0687
219,0.0645,0.0686
220,0.0645,0.0686
221,0.0644,0.0686
222,0.0644,0.0686
223,0.0644,0.0685
224,0.0644,0.0685
225,0.0643,0.0685
226,0.0643,0.0685
227,0.0643,0.0684
228,0.0642,0.0684
229,0.0642,0.0684
230,0.0642,0.0684
231,0.0642,0.0683
232,0.0641,0.0683
233,0.0641,0.0683
234,0.0641,0.0683
235,0.0641,0.0682
236,0.0640,0.0682
237,0.0640,0.0682
238,0.0640,0.0682
239,0.0640,0.0682
240,0.0639,0.0681
241,0.0639,0.0681
242,0.0639,0.0681
243,0.0639,0.0681
244,0.0638,0.0680
245,0.0638,0.0680
246,0.0638,0.0680
247,0.0638,0.0680
248,0.0637,0.0680
249,0.0637,0.0679
250,0.0637,0.0679
251,0.0637,0.0679
252,0.0636,0.0679
253,0.0636,0.0678
254,0.0636,0.0678
255,0.0636,0.0678
256,0.0636,0.0678
257,0.0635,0.0678
258,0.0635,0.0677
259,0.0635,0.0677
260,0.0635,0.0677
261,0.0634,0.0677
262,0.0634,0.0677
263,0.0634,0.0676
264,0.0634,0.0676
265,0.0634,0.0676
266,0.0633,0.0676
267,0.0633,0.0676
268,0.0633,0.0676
269,0.0633,0.0675
270,0.0633,0.0675
271,0.0632,0.0675
272,0.0632,0.0675
273,0.0632,0.0675
274,0.0632,0.0674
275,0.0632,0.0674
276,0.0631,0.0674
277,0.0631,0.0674
278,0.0631,0.0674
279,0.0631,0.0674
280,0.0631,0.0673
281,0.0630,0.0673
282,0.0630,0.0673
283,0.0630,0.0673
284,0.0630,0.0673
285,0.0630,0.0673
286,0.0630,0.0672
287,0.0629,0.0672
288,0.0629,0.0672
289,0.0629,0.0672
290,0.0629,0.0672
291,0.0629,0.0672
292,0.0629,0.0671
293,0.0628,0.0671
294,0.0628,0.0671
295,0.0628,0.0671
296,0.0628,0.0671
297,0.0628,0.0671
298,0.0627,0.0670
299,0.0627,0.0670
300,0.0627,0.0670
301,0.0627,0.0670
302,0.0627,0.0670
303,0.0627,0.0670
304,0.0626,0.0670
305,0.0626,0.0669
306,0.0626,0.0669
307,0.0626,0.0669
308,0.0626,0.0669
309,0.0626,0.0669
310,0.0626,0.0669
311,0.0625,0.0669
312,0.0625,0.0668
313,0.0625,0.0668
314,0.0625,0.0668
315,0.0625,0.0668
316,0.0625,0.0668
317,0.0624,0.0668
318,0.0624,0.0668
319,0.0624,0.0667
320,0.0624,0.0667
321,0.0624,0.0667
322,0.0624,0.0667
323,0.0624,0.0667
324,0.0623,0.0667
325,0.0623,0.0667
326,0.0623,0.0667
327,0.0623,0.0666
328,0.0623,0.0666
329,0.0623,0.0666
330,0.0623,0.0666
331,0.0622,0.0666
332,0.0622,0.0666
333,0.0622,0.0666
334,0.0622,0.0665
335,0.0622,0.0665
336,0.0622,0.0665
337,0.0622,0.0665
338,0.0621,0.0665
339,0.0621,0.0665
340,0.0621,0.0665
341,0.0621,0.0665
342,0.0621,0.0664
343,0.0621,0.0664
344,0.0621,0.0664
345,0.0621,0.0664
346,0.0620,0.0664
347,0.0620,0.0664
348,0.0620,0.0664
349,0.0620,0.0664
350,0.0620,0.0664
351,0.0620,0.0663
352,0.0620,0.0663
353,0.0620,0.0663
354,0.0619,0.0663
355,0.0619,0.0663
356,0.0619,0.0663
357,0.0619,0.0663
358,0.0619,0.0663
359,0.0619,0.0663
360,0.0619,0.0662
361,0.0619,0.0662
362,0.0618,0.0662
363,0.0618,0.0662
364,0.0618,0.0662
365,0.0618,0.0662
366,0.0618,0.0662
367,0.0618,0.0662
368,0.0618,0.0662
369,0.0618,0.0661
370,0.0618,0.0661
371,0.0617,0.0661
372,0.0617,0.0661
373,0.0617,0.0661
374,0.0617,0.0661
375,0.0617,0.0661
376,0.0617,0.0661
377,0.0617,0.0661
378,0.0617,0.0661
379,0.0616,0.0660
380,0.0616,0.0660
381,0.0616,0.0660
382,0.0616,0.0660
383,0.0616,0.0660
384,0.0616,0.0660
385,0.0616,0.0660
386,0.0616,0.0660
387,0.0616,0.0660
388,0.0616,0.0660
389,0.0615,0.0660
390,0.0615,0.0659
391,0.0615,0.0659
392,0.0615,0.0659
393,0.0615,0.0659
394,0.0615,0.0659
395,0.0615,0.0659
396,0.0615,0.0659
397,0.0615,0.0659
398,0.0614,0.0659
399,0.0614,0.0659
400,0.0614,0.0659
401,0.0614,0.0658
402,0.0614,0.0658
403,0.0614,0.0658
404,0.0614,0.0658
405,0.0614,0.0658
406,0.0614,0.0658
407,0.0614,0.0658
408,0.0613,0.0658
409,0.0613,0.0658
410,0.0613,0.0658
411,0.0613,0.0658
412,0.0613,0.0658
413,0.0613,0.0658
414,0.0613,0.0657
415,0.0613,0.0657
416,0.0613,0.0657
417,0.0613,0.0657
418,0.0612,0.0657
419,0.0612,0.0657
420,0.0612,0.0657
421,0.0612,0.0657
422,0.0612,0.0657
423,0.0612,0.0657
424,0.0612,0.0657
425,0.0612,0.0657
426,0.0612,0.0657
427,0.0612,0.0656
428,0.0612,0.0656
429,0.0611,0.0656
430,0.0611,0.0656
431,0.0611,0.0656
432,0.0611,0.0656
433,0.0611,0.0656
434,0.0611,0.0656
435,0.0611,0.0656
436,0.0611,0.0656
437,0.0611,0.0656
438,0.0611,0.0656
439,0.0611,0.0656
440,0.0610,0.0656
441,0.0610,0.0655
442,0.0610,0.0655
443,0.0610,0.0655
444,0.0610,0.0655
445,0.0610,0.0655
446,0.0610,0.0655
447,0.0610,0.0655
448,0.0610,0.0655
449,0.0610,0.0655
450,0.0610,0.0655
451,0.0609,0.0655
452,0.0609,0.0655
453,0.0609,0.0655
454,0.0609,0.0655
455,0.0609,0.0655
456,0.0609,0.0654
457,0.0609,0.0654
458,0.0609,0.0654
459,0.0609,0.0654
460,0.0609,0.0654
461,0.0609,0.0654
462,0.0608,0.0654
463,0.0608,0.0654
464,0.0608,0.0654
465,0.0608,0.0654
466,0.0608,0.0654
467,0.0608,0.0654
468,0.0608,0.0654
469,0.0608,0.0654
470,0.0608,0.0654
471,0.0608,0.0654
472,0.0608,0.0654
473,0.0608,0.0654
474,0.0608,0.0653
475,0.0607,0.0653
476,0.0607,0.0653
477,0.0607,0.0653
478,0.0607,0.0653
479,0.0607,0.0653
480,0.0607,0.0653
481,0.0607,0.0653
482,0.0607,0.0653
483,0.0607,0.0653
484,0.0607,0.0653
485,0.0607,0.0653
486,0.0607,0.0653
487,0.0606,0.0653
488,0.0606,0.0653
489,0.0606,0.0653
490,0.0606,0.0653
491,0.0606,0.0653
492,0.0606,0.0653
493,0.0606,0.0652
494,0.0606,0.0652
495,0.0606,0.0652
496,0.0606,0.0652
497,0.0606,0.0652
498,0.0606,0.0652
499,0.0606,0.0652
500,0.0605,0.0652
