epoch,train_loss,val_loss
1,0.1268,0.0922
2,0.0952,0.0767
3,0.0939,0.0744
4,0.0925,0.0740
5,0.0926,0.0740
6,0.0920,0.0740
7,0.0937,0.0740
8,0.0918,0.0740
9,0.0935,0.0740
10,0.0890,0.0740
11,0.0920,0.0741
12,0.0937,0.0741
13,0.0895,0.0742
14,0.0943,0.0742
15,0.0909,0.0742
16,0.0949,0.0743
17,0.0922,0.0743
18,0.0947,0.0743
19,0.0940,0.0742
20,0.0972,0.0742
21,0.0920,0.0741
22,0.0928,0.0740
23,0.0894,0.0738
24,0.0940,0.0737
25,0.0935,0.0737
26,0.0896,0.0736
27,0.0903,0.0735
28,0.0944,0.0734
29,0.0917,0.0734
30,0.0927,0.0734
31,0.0904,0.0734
32,0.0917,0.0734
33,0.0913,0.0734
34,0.0921,0.0733
35,0.0912,0.0732
36,0.0913,0.0730
37,0.0916,0.0730
38,0.0911,0.0729
39,0.0886,0.0729
40,0.0906,0.0728
41,0.0923,0.0726
42,0.0893,0.0725
43,0.0887,0.0723
44,0.0922,0.0722
45,0.0886,0.0722
46,0.0917,0.0721
47,0.0868,0.0719
48,0.0902,0.0715
49,0.0926,0.0715
50,0.0889,0.0715
51,0.0922,0.0713
52,0.0899,0.0708
53,0.0905,0.0707
54,0.0877,0.0707
55,0.0891,0.0706
56,0.0871,0.0703
57,0.0888,0.0701
58,0.0901,0.0699
59,0.0898,0.0697
60,0.0881,0.0695
61,0.0892,0.0698
62,0.0885,0.0695
63,0.0893,0.0688
64,0.0873,0.0686
65,0.0872,0.0685
66,0.0889,0.0683
67,0.0883,0.0682
68,0.0867,0.0680
69,0.0859,0.0679
70,0.0880,0.0678
71,0.0849,0.0675
72,0.0873,0.0673
73,0.0863,0.0672
74,0.0870,0.0671
75,0.0868,0.0669
76,0.0845,0.0667
77,0.0866,0.0666
78,0.0869,0.0664
79,0.0866,0.0663
80,0.0844,0.0662
81,0.0852,0.0661
82,0.0886,0.0660
83,0.0845,0.0659
84,0.0886,0.0658
85,0.0872,0.0658
86,0.0865,0.0656
87,0.0847,0.0658
88,0.0845,0.0656
89,0.0868,0.0653
90,0.0831,0.0654
91,0.0882,0.0652
92,0.0835,0.0653
93,0.0853,0.0649
94,0.0861,0.0648
95,0.0838,0.0648
96,0.0838,0.0649
97,0.0861,0.0646
98,0.0833,0.0645
99,0.0861,0.0645
100,0.0830,0.0644
101,0.0864,0.0646
102,0.0871,0.0642
103,0.0859,0.0641
104,0.0846,0.0642
105,0.0850,0.0641
106,0.0891,0.0642
107,0.0865,0.0641
108,0.0847,0.0638
109,0.0843,0.0637
110,0.0829,0.0639
111,0.0865,0.0637
112,0.0833,0.0635
113,0.0846,0.0637
114,0.0853,0.0639
115,0.0834,0.0636
116,0.0835,0.0633
117,0.0875,0.0633
118,0.0835,0.0633
119,0.0849,0.0632
120,0.0843,0.0631
121,0.0863,0.0631
122,0.0810,0.0633
123,0.0859,0.0634
124,0.0829,0.0630
125,0.0878,0.0629
126,0.0856,0.0629
127,0.0860,0.0630
128,0.0833,0.0629
129,0.0804,0.0629
130,0.0844,0.0626
131,0.0832,0.0628
132,0.0843,0.0628
133,0.0837,0.0627
134,0.0832,0.0624
135,0.0843,0.0624
136,0.0853,0.0625
137,0.0839,0.0624
138,0.0834,0.0625
139,0.0825,0.0626
140,0.0832,0.0625
141,0.0827,0.0624
142,0.0847,0.0622
143,0.0828,0.0626
144,0.0833,0.0625
145,0.0843,0.0623
146,0.0815,0.0622
147,0.0836,0.0621
148,0.0810,0.0622
149,0.0827,0.0620
150,0.0867,0.0621
151,0.0825,0.0624
152,0.0815,0.0622
153,0.0832,0.0618
154,0.0798,0.0618
155,0.0839,0.0626
156,0.0807,0.0622
157,0.0839,0.0618
158,0.0828,0.0619
159,0.0824,0.0617
160,0.0836,0.0618
161,0.0844,0.0622
162,0.0842,0.0624
163,0.0834,0.0621
164,0.0832,0.0617
165,0.0804,0.0616
166,0.0853,0.0618
167,0.0814,0.0616
168,0.0816,0.0615
169,0.0837,0.0615
170,0.0819,0.0615
171,0.0811,0.0612
172,0.0838,0.0614
173,0.0814,0.0618
174,0.0833,0.0616
175,0.0823,0.0614
176,0.0811,0.0612
177,0.0820,0.0614
178,0.0855,0.0616
179,0.0836,0.0616
180,0.0829,0.0611
181,0.0829,0.0612
182,0.0823,0.0614
183,0.0817,0.0615
184,0.0844,0.0611
185,0.0821,0.0611
186,0.0836,0.0613
187,0.0826,0.0615
188,0.0838,0.0613
189,0.0833,0.0610
190,0.0818,0.0611
191,0.0812,0.0611
192,0.0838,0.0613
193,0.0812,0.0615
194,0.0827,0.0613
195,0.0811,0.0609
196,0.0822,0.0607
197,0.0834,0.0607
198,0.0784,0.0610
199,0.0808,0.0609
200,0.0822,0.0606
201,0.0814,0.0611
202,0.0803,0.0610
203,0.0815,0.0609
204,0.0805,0.0606
205,0.0813,0.0606
206,0.0824,0.0605
207,0.0815,0.0603
208,0.0836,0.0605
209,0.0826,0.0606
210,0.0831,0.0603
211,0.0824,0.0603
212,0.0803,0.0604
213,0.0839,0.0605
214,0.0827,0.0603
215,0.0834,0.0603
216,0.0835,0.0607
217,0.0824,0.0602
218,0.0824,0.0598
219,0.0843,0.0604
220,0.0830,0.0607
221,0.0817,0.0602
222,0.0810,0.0601
223,0.0858,0.0606
224,0.0841,0.0607
225,0.0811,0.0603
226,0.0801,0.0602
227,0.0831,0.0606
228,0.0845,0.0608
229,0.0810,0.0608
230,0.0832,0.0603
231,0.0829,0.0599
232,0.0807,0.0608
233,0.0812,0.0608
234,0.0805,0.0600
235,0.0816,0.0596
236,0.0802,0.0605
237,0.0824,0.0604
238,0.0819,0.0602
239,0.0826,0.0603
240,0.0814,0.0602
241,0.0832,0.0601
242,0.0810,0.0600
243,0.0840,0.0604
244,0.0856,0.0608
245,0.0828,0.0602
246,0.0816,0.0601
247,0.0810,0.0601
248,0.0827,0.0600
249,0.0842,0.0598
250,0.0802,0.0601
251,0.0827,0.0601
252,0.0826,0.0601
253,0.0803,0.0601
254,0.0833,0.0598
255,0.0810,0.0596
256,0.0816,0.0599
257,0.0827,0.0600
258,0.0820,0.0597
259,0.0810,0.0597
260,0.0791,0.0595
261,0.0830,0.0601
262,0.0825,0.0608
263,0.0834,0.0602
264,0.0816,0.0601
265,0.0825,0.0602
266,0.0837,0.0600
267,0.0809,0.0598
268,0.0765,0.0597
269,0.0824,0.0601
270,0.0849,0.0603
271,0.0832,0.0601
272,0.0839,0.0595
273,0.0809,0.0600
274,0.0820,0.0602
275,0.0847,0.0599
276,0.0832,0.0593
277,0.0827,0.0596
278,0.0854,0.0595
279,0.0815,0.0596
280,0.0826,0.0601
281,0.0843,0.0600
282,0.0829,0.0596
283,0.0813,0.0595
284,0.0823,0.0600
285,0.0805,0.0595
286,0.0825,0.0594
287,0.0829,0.0600
288,0.0786,0.0605
289,0.0815,0.0604
290,0.0819,0.0594
291,0.0793,0.0590
292,0.0827,0.0593
293,0.0819,0.0596
294,0.0806,0.0599
295,0.0835,0.0597
296,0.0815,0.0596
297,0.0825,0.0594
298,0.0811,0.0595
299,0.0828,0.0593
300,0.0814,0.0595
301,0.0801,0.0602
302,0.0825,0.0602
303,0.0828,0.0597
304,0.0819,0.0596
305,0.0828,0.0594
306,0.0801,0.0592
307,0.0807,0.0593
308,0.0820,0.0596
309,0.0829,0.0596
310,0.0795,0.0595
311,0.0819,0.0597
312,0.0825,0.0600
313,0.0799,0.0597
314,0.0792,0.0592
315,0.0799,0.0589
316,0.0809,0.0597
317,0.0806,0.0603
318,0.0824,0.0596
319,0.0803,0.0593
320,0.0812,0.0593
321,0.0817,0.0593
322,0.0820,0.0594
323,0.0789,0.0590
324,0.0812,0.0593
325,0.0795,0.0596
326,0.0821,0.0592
327,0.0825,0.0592
328,0.0807,0.0597
329,0.0786,0.0598
330,0.0807,0.0596
331,0.0843,0.0589
332,0.0796,0.0589
333,0.0801,0.0598
334,0.0847,0.0602
335,0.0803,0.0594
336,0.0800,0.0591
337,0.0841,0.0591
338,0.0821,0.0591
339,0.0820,0.0592
340,0.0827,0.0593
341,0.0837,0.0593
342,0.0789,0.0586
343,0.0828,0.0584
344,0.0843,0.0590
345,0.0806,0.0597
346,0.0836,0.0602
347,0.0855,0.0597
348,0.0809,0.0589
349,0.0808,0.0585
350,0.0833,0.0595
351,0.0832,0.0605
352,0.0817,0.0602
353,0.0795,0.0593
354,0.0829,0.0590
355,0.0768,0.0591
356,0.0826,0.0594
357,0.0817,0.0593
358,0.0833,0.0587
359,0.0829,0.0588
360,0.0800,0.0593
361,0.0829,0.0595
362,0.0813,0.0589
363,0.0810,0.0590
364,0.0816,0.0587
365,0.0789,0.0591
366,0.0786,0.0592
367,0.0792,0.0584
368,0.0807,0.0586
369,0.0812,0.0594
370,0.0821,0.0593
371,0.0816,0.0592
372,0.0810,0.0596
373,0.0864,0.0594
374,0.0803,0.0586
375,0.0810,0.0593
376,0.0816,0.0593
377,0.0809,0.0586
378,0.0793,0.0583
379,0.0811,0.0593
380,0.0825,0.0594
381,0.0811,0.0587
382,0.0810,0.0582
383,0.0792,0.0583
384,0.0844,0.0590
385,0.0790,0.0593
386,0.0801,0.0586
387,0.0809,0.0586
388,0.0825,0.0594
389,0.0845,0.0598
390,0.0800,0.0591
391,0.0830,0.0588
392,0.0832,0.0589
393,0.0791,0.0596
394,0.0799,0.0590
395,0.0800,0.0583
396,0.0839,0.0581
397,0.0854,0.0591
398,0.0786,0.0597
399,0.0782,0.0594
400,0.0794,0.0582
401,0.0823,0.0581
402,0.0798,0.0588
403,0.0781,0.0593
404,0.0800,0.0587
405,0.0763,0.0589
406,0.0853,0.0593
407,0.0787,0.0586
408,0.0846,0.0585
409,0.0841,0.0585
410,0.0798,0.0588
411,0.0791,0.0589
412,0.0844,0.0589
413,0.0811,0.0588
414,0.0805,0.0592
415,0.0790,0.0589
416,0.0817,0.0586
417,0.0806,0.0581
418,0.0808,0.0587
419,0.0789,0.0591
420,0.0801,0.0589
421,0.0785,0.0585
422,0.0821,0.0582
423,0.0797,0.0587
424,0.0826,0.0594
425,0.0778,0.0583
426,0.0821,0.0586
427,0.0812,0.0588
428,0.0821,0.0582
429,0.0795,0.0580
430,0.0812,0.0588
431,0.0793,0.0589
432,0.0811,0.0582
433,0.0770,0.0580
434,0.0834,0.0580
435,0.0795,0.0583
436,0.0810,0.0584
437,0.0794,0.0583
438,0.0799,0.0585
439,0.0797,0.0585
440,0.0810,0.0595
441,0.0813,0.0593
442,0.0796,0.0584
443,0.0776,0.0584
444,0.0851,0.0581
445,0.0811,0.0583
446,0.0804,0.0584
447,0.0802,0.0583
448,0.0815,0.0590
449,0.0807,0.0584
450,0.0823,0.0581
451,0.0810,0.0581
452,0.0796,0.0585
453,0.0800,0.0591
454,0.0795,0.0586
455,0.0796,0.0576
456,0.0811,0.0579
457,0.0814,0.0595
458,0.0836,0.0595
459,0.0822,0.0590
460,0.0792,0.0584
461,0.0832,0.0585
462,0.0829,0.0582
463,0.0830,0.0581
464,0.0804,0.0586
465,0.0803,0.0582
466,0.0831,0.0577
467,0.0801,0.0581
468,0.0847,0.0586
469,0.0792,0.0580
470,0.0812,0.0583
471,0.0753,0.0583
472,0.0792,0.0581
473,0.0822,0.0583
474,0.0808,0.0588
475,0.0828,0.0583
476,0.0796,0.0581
477,0.0801,0.0584
478,0.0832,0.0583
479,0.0841,0.0577
480,0.0820,0.0581
481,0.0821,0.0589
482,0.0790,0.0585
483,0.0812,0.0587
484,0.0843,0.0580
485,0.0787,0.0580
486,0.0828,0.0581
487,0.0807,0.0588
488,0.0790,0.0592
489,0.0800,0.0584
490,0.0823,0.0580
491,0.0791,0.0588
492,0.0802,0.0584
493,0.0806,0.0580
494,0.0814,0.0582
495,0.0819,0.0583
496,0.0810,0.0584
497,0.0822,0.0581
498,0.0785,0.0577
499,0.0779,0.0585
500,0.0796,0.0593
