epoch,train_loss,val_loss
1,39.8582,40.1027
2,39.7759,39.9469
3,39.7490,39.8502
4,39.7078,39.7768
5,39.6921,39.8657
6,39.6734,39.7332
7,39.6448,39.8267
8,39.6344,39.7755
9,39.6402,39.7848
10,39.6087,39.7112
11,39.6207,39.7798
12,39.5745,39.7056
13,39.6117,39.7708
14,39.5949,39.7229
15,39.5685,39.7362
16,39.5892,39.7784
17,39.5632,39.7389
18,39.5407,39.6872
19,39.5287,39.7300
20,39.5424,39.6872
21,39.5641,39.6891
22,39.5171,39.7461
23,39.5487,39.6865
24,39.5259,39.6911
25,39.4978,39.6220
26,39.4899,39.6407
27,39.5179,39.6986
28,39.4960,39.6789
29,39.5104,39.6596
30,39.4519,39.6488
31,39.5067,39.6265
32,39.4730,39.6299
33,39.4898,39.6363
34,39.4789,39.6462
35,39.4832,39.6505
36,39.4984,39.6086
37,39.4890,39.6965
38,39.4610,39.6837
39,39.4556,39.6835
40,39.4678,39.6674
41,39.4589,39.6470
42,39.4545,39.6832
43,39.4251,39.6486
44,39.4744,39.6114
45,39.4744,39.6328
46,39.4163,39.6561
47,39.4401,39.6345
48,39.4010,39.6338
49,39.4178,39.6231
50,39.4323,39.6299
51,39.4566,39.6447
52,39.4171,39.6426
53,39.3967,39.6285
54,39.4518,39.6540
55,39.4179,39.5907
56,39.4190,39.5995
57,39.4364,39.6245
58,39.3891,39.6072
59,39.4430,39.6305
60,39.3772,39.5868
61,39.4131,39.6238
62,39.4148,39.6124
63,39.4255,39.6040
64,39.4041,39.6292
65,39.4148,39.6425
66,39.3879,39.6295
67,39.3521,39.6104
68,39.3610,39.5936
69,39.4074,39.6257
70,39.3847,39.6011
71,39.4087,39.6061
72,39.3969,39.5996
73,39.3322,39.6086
74,39.3953,39.6260
75,39.4067,39.6356
76,39.3930,39.6120
77,39.3979,39.5981
78,39.3262,39.6267
79,39.3567,39.6118
80,39.3597,39.6212
81,39.3620,39.5929
82,39.3655,39.5973
83,39.3739,39.6175
84,39.3947,39.6246
85,39.4064,39.6353
86,39.3481,39.6134
87,39.3733,39.6270
88,39.3665,39.5926
89,39.3587,39.5843
90,39.3786,39.6201
91,39.3807,39.6253
92,39.3547,39.6154
93,39.3688,39.5960
94,39.3700,39.5824
95,39.3569,39.6219
96,39.3240,39.5907
97,39.4034,39.5779
98,39.3675,39.5913
99,39.3035,39.6209
100,39.3647,39.5933
101,39.3497,39.5651
102,39.3516,39.5923
103,39.3117,39.5724
104,39.3284,39.5817
105,39.3375,39.5812
106,39.3326,39.5952
107,39.3252,39.5623
108,39.3566,39.6021
109,39.3129,39.5897
110,39.3005,39.6056
111,39.2930,39.5700
112,39.3350,39.5887
113,39.3282,39.5520
114,39.3105,39.5478
115,39.3235,39.5857
116,39.3247,39.5751
117,39.3598,39.6100
118,39.2820,39.5744
119,39.2768,39.5748
120,39.3196,39.5884
121,39.3133,39.5681
122,39.3222,39.5816
123,39.2998,39.5620
124,39.2871,39.5817
125,39.2964,39.5917
126,39.2962,39.5811
127,39.3082,39.5919
128,39.3144,39.5500
129,39.2991,39.5770
130,39.3175,39.6054
131,39.2905,39.5891
132,39.2898,39.5495
133,39.2874,39.5685
134,39.2527,39.5950
135,39.3032,39.5752
136,39.3170,39.5873
137,39.2543,39.5491
138,39.2966,39.5887
139,39.2985,39.5678
140,39.2683,39.5430
141,39.2738,39.5622
142,39.2871,39.5923
143,39.2488,39.5909
144,39.2520,39.5755
145,39.3146,39.5930
146,39.3286,39.5630
147,39.2934,39.5560
148,39.3046,39.5684
149,39.3301,39.5843
150,39.3043,39.5684
151,39.2816,39.5642
152,39.2955,39.5661
153,39.2632,39.5589
154,39.2667,39.5739
155,39.2705,39.5683
156,39.2649,39.5937
157,39.2643,39.5650
158,39.2536,39.5748
159,39.2904,39.5582
160,39.2675,39.5405
161,39.2779,39.5623
162,39.2673,39.5408
163,39.2515,39.5647
164,39.3045,39.5636
165,39.2327,39.5330
166,39.3179,39.5406
167,39.2789,39.5486
168,39.2703,39.5549
169,39.2457,39.5624
170,39.2664,39.5586
171,39.2605,39.5145
172,39.2562,39.5285
173,39.2433,39.5284
174,39.1927,39.5435
175,39.2175,39.5308
176,39.2441,39.5592
177,39.2055,39.5568
178,39.2677,39.5429
179,39.2805,39.5492
180,39.2417,39.5408
181,39.2480,39.5353
182,39.2443,39.5398
183,39.2368,39.5789
184,39.2109,39.5565
185,39.2123,39.5470
186,39.2287,39.5571
187,39.2269,39.5692
188,39.2207,39.5500
189,39.2081,39.5661
190,39.2654,39.5613
191,39.2364,39.5348
192,39.2460,39.5365
193,39.2653,39.5082
194,39.2731,39.5363
195,39.2342,39.5443
196,39.2278,39.5507
197,39.2496,39.5488
198,39.2152,39.5498
199,39.1925,39.5527
200,39.2774,39.5371
201,39.2499,39.5356
202,39.1956,39.5466
203,39.2756,39.5283
204,39.2175,39.5428
205,39.2334,39.5453
206,39.2290,39.5634
207,39.2322,39.5381
208,39.2233,39.5544
209,39.1813,39.5314
210,39.2496,39.5271
211,39.2221,39.5458
212,39.1975,39.5327
213,39.2229,39.5549
214,39.2454,39.5183
215,39.1889,39.5300
216,39.1953,39.5178
217,39.2115,39.5403
218,39.2365,39.5057
219,39.2089,39.5382
220,39.2188,39.5500
221,39.2259,39.5345
222,39.2206,39.5235
223,39.2217,39.5235
224,39.1432,39.5194
225,39.1911,39.5215
226,39.1951,39.5046
227,39.2325,39.5378
228,39.1649,39.5385
229,39.2273,39.5440
230,39.1401,39.5363
231,39.1901,39.5443
232,39.1941,39.5440
233,39.2107,39.5144
234,39.2538,39.5357
235,39.1859,39.5245
236,39.1843,39.5370
237,39.2151,39.4968
238,39.2120,39.5180
239,39.1721,39.5141
240,39.1957,39.5009
241,39.1544,39.5310
242,39.1880,39.5258
243,39.1484,39.5147
244,39.1747,39.5116
245,39.2051,39.5158
246,39.1702,39.5193
247,39.2151,39.5249
248,39.1653,39.5123
249,39.1680,39.5195
250,39.1911,39.5066
251,39.1382,39.5105
252,39.1844,39.5261
253,39.1801,39.5296
254,39.1839,39.4985
255,39.1559,39.5212
256,39.1567,39.5237
257,39.1612,39.5151
258,39.1602,39.5124
259,39.1414,39.4986
260,39.1692,39.5240
261,39.1530,39.4925
262,39.1644,39.4657
263,39.2122,39.4967
264,39.1997,39.5114
265,39.1647,39.5126
266,39.1958,39.4869
267,39.1576,39.4984
268,39.1669,39.4693
269,39.1688,39.5106
270,39.1662,39.4851
271,39.1604,39.4950
272,39.1739,39.4990
273,39.1604,39.4921
274,39.1273,39.5216
275,39.1475,39.5032
276,39.1680,39.5028
277,39.1630,39.5046
278,39.1431,39.4915
279,39.1533,39.4890
280,39.1331,39.4998
281,39.1887,39.5057
282,39.1744,39.4990
283,39.1314,39.4753
284,39.1846,39.4824
285,39.1911,39.4816
286,39.1504,39.4697
287,39.1067,39.4844
288,39.1618,39.4699
289,39.1798,39.4816
290,39.1576,39.4971
291,39.1852,39.4901
292,39.1471,39.4693
293,39.1318,39.5170
294,39.1526,39.4571
295,39.1402,39.5018
296,39.0845,39.4721
297,39.0983,39.4981
298,39.1720,39.4503
299,39.1417,39.4670
300,39.1193,39.4710
301,39.1159,39.4908
302,39.1783,39.4731
303,39.1735,39.4847
304,39.0975,39.4778
305,39.1680,39.4874
306,39.1129,39.4733
307,39.1566,39.4750
308,39.1259,39.4775
309,39.1889,39.4623
310,39.1658,39.4838
311,39.1381,39.4688
312,39.1315,39.4985
313,39.1525,39.4767
314,39.1906,39.4704
315,39.1411,39.4684
316,39.1461,39.4702
317,39.1460,39.4472
318,39.1071,39.4564
319,39.1181,39.4843
320,39.1740,39.4463
321,39.1348,39.4660
322,39.0766,39.4450
323,39.1315,39.4382
324,39.1069,39.4585
325,39.1015,39.4253
326,39.1484,39.4544
327,39.1098,39.4495
328,39.1263,39.4491
329,39.1419,39.4221
330,39.0912,39.4544
331,39.1538,39.4629
332,39.0917,39.4722
333,39.1498,39.4779
334,39.0677,39.4642
335,39.1475,39.4714
336,39.1447,39.4648
337,39.0846,39.4580
338,39.0969,39.4512
339,39.1282,39.4476
340,39.1453,39.4645
341,39.0905,39.4505
342,39.1396,39.4595
343,39.0789,39.4562
344,39.1199,39.4531
345,39.1117,39.4739
346,39.1307,39.4647
347,39.0531,39.4643
348,39.0950,39.4677
349,39.0965,39.4504
350,39.1030,39.4442
351,39.0708,39.4318
352,39.1133,39.4335
353,39.0606,39.4352
354,39.0566,39.4338
355,39.0649,39.4362
356,39.1209,39.4395
357,39.1218,39.4557
358,39.0920,39.4495
359,39.1153,39.4160
360,39.1268,39.4394
361,39.0960,39.4343
362,39.0543,39.4188
363,39.1174,39.4138
364,39.0975,39.4094
365,39.1076,39.4237
366,39.0686,39.4361
367,39.1469,39.4265
368,39.1020,39.4293
369,39.1407,39.4317
370,39.0954,39.4258
371,39.1037,39.4129
372,39.0500,39.4520
373,39.0754,39.4369
374,39.1058,39.4090
375,39.1029,39.4380
376,39.1035,39.3955
377,39.0291,39.4034
378,39.0875,39.4167
379,39.0800,39.4343
380,39.1107,39.4328
381,39.1115,39.4294
382,39.0958,39.4436
383,39.0916,39.4107
384,39.0804,39.4351
385,39.0849,39.4120
386,39.1116,39.4356
387,39.0950,39.4176
388,39.0875,39.4305
389,39.0316,39.4211
390,39.0880,39.4506
391,39.1031,39.4359
392,39.1032,39.4370
393,39.1099,39.4015
394,39.0957,39.4359
395,39.0694,39.4198
396,39.0690,39.4304
397,39.0777,39.4171
398,39.1685,39.4379
399,39.0817,39.4192
400,39.0738,39.4107
401,39.1450,39.4109
402,39.0839,39.4300
403,39.1093,39.4031
404,39.1027,39.4183
405,39.0473,39.4202
406,39.0748,39.4073
407,39.0948,39.3979
408,39.0713,39.4255
409,39.1086,39.4131
410,39.0457,39.4405
411,39.0635,39.3968
412,39.0749,39.3986
413,39.0847,39.4362
414,39.1097,39.4024
415,39.0414,39.4055
416,39.0907,39.4350
417,39.0386,39.4247
418,39.0662,39.4090
419,39.0539,39.4180
420,39.1055,39.4297
421,39.0278,39.3997
422,39.0414,39.3891
423,39.0866,39.4068
424,39.0522,39.3758
425,39.0562,39.3983
426,39.0546,39.4201
427,39.0547,39.4141
428,39.0651,39.3965
429,39.0185,39.3966
430,39.0576,39.3897
431,39.0806,39.4097
432,39.0452,39.4286
433,39.0183,39.4000
434,39.0633,39.4077
435,39.1115,39.4004
436,39.0595,39.4087
437,39.0468,39.4245
438,39.0807,39.3952
439,39.0738,39.4019
440,39.0723,39.4148
441,39.0089,39.4024
442,39.0918,39.4399
443,39.1006,39.3922
444,39.0429,39.3762
445,39.0577,39.3935
446,39.1004,39.4067
447,39.0708,39.4064
448,39.0957,39.3916
449,39.0405,39.3951
450,39.0559,39.3898
451,39.0082,39.3942
452,39.0439,39.4187
453,39.0951,39.4177
454,39.0626,39.3848
455,39.0197,39.4226
456,39.0467,39.3719
457,39.0570,39.3946
458,39.0752,39.3700
459,39.0392,39.3904
460,39.0364,39.3933
461,39.0900,39.3912
462,39.0917,39.3933
463,39.1336,39.3879
464,39.0224,39.3995
465,39.0344,39.4045
466,39.0080,39.3810
467,39.0386,39.3767
468,39.0536,39.3868
469,39.0281,39.3880
470,39.0479,39.3785
471,39.0406,39.3871
472,39.0441,39.4207
473,38.9738,39.3745
474,39.0719,39.4206
475,39.0375,39.3928
476,39.0739,39.3783
477,38.9946,39.3932
478,39.0398,39.4047
479,39.0777,39.4026
480,39.0515,39.3995
481,39.0614,39.3991
482,39.0016,39.3917
483,39.0769,39.3928
484,39.0536,39.3754
485,39.0245,39.3965
486,38.9709,39.3841
487,39.0693,39.3610
488,39.0489,39.3878
489,39.0128,39.4006
490,39.0467,39.3774
491,38.9703,39.3728
492,39.0577,39.3909
493,38.9936,39.4053
494,39.0343,39.3683
495,39.0730,39.4030
496,38.9935,39.3867
497,39.0429,39.3689
498,38.9909,39.3891
499,39.0235,39.3730
500,38.9982,39.3927
