epoch,train_loss,val_loss
1,0.1263,0.1009
2,0.0833,0.0920
3,0.0796,0.0921
4,0.0813,0.0924
5,0.0810,0.0925
6,0.0816,0.0925
7,0.0798,0.0923
8,0.0784,0.0922
9,0.0817,0.0921
10,0.0788,0.0919
11,0.0809,0.0918
12,0.0813,0.0917
13,0.0799,0.0916
14,0.0800,0.0915
15,0.0779,0.0914
16,0.0792,0.0913
17,0.0790,0.0911
18,0.0811,0.0910
19,0.0812,0.0908
20,0.0773,0.0906
21,0.0816,0.0904
22,0.0799,0.0901
23,0.0790,0.0898
24,0.0780,0.0894
25,0.0793,0.0890
26,0.0800,0.0885
27,0.0793,0.0882
28,0.0775,0.0878
29,0.0768,0.0873
30,0.0783,0.0869
31,0.0802,0.0863
32,0.0784,0.0861
33,0.0783,0.0856
34,0.0793,0.0852
35,0.0764,0.0851
36,0.0766,0.0849
37,0.0762,0.0846
38,0.0764,0.0840
39,0.0757,0.0837
40,0.0758,0.0835
41,0.0746,0.0831
42,0.0774,0.0825
43,0.0747,0.0824
44,0.0744,0.0829
45,0.0766,0.0823
46,0.0751,0.0815
47,0.0757,0.0815
48,0.0774,0.0818
49,0.0767,0.0813
50,0.0732,0.0807
51,0.0706,0.0803
52,0.0744,0.0807
53,0.0761,0.0808
54,0.0734,0.0805
55,0.0741,0.0798
56,0.0738,0.0795
57,0.0732,0.0797
58,0.0742,0.0798
59,0.0710,0.0802
60,0.0724,0.0799
61,0.0733,0.0793
62,0.0716,0.0793
63,0.0741,0.0796
64,0.0734,0.0793
65,0.0742,0.0789
66,0.0731,0.0790
67,0.0713,0.0785
68,0.0733,0.0784
69,0.0725,0.0787
70,0.0717,0.0786
71,0.0738,0.0784
72,0.0717,0.0787
73,0.0695,0.0781
74,0.0724,0.0777
75,0.0711,0.0777
76,0.0719,0.0775
77,0.0707,0.0781
78,0.0705,0.0785
79,0.0722,0.0786
80,0.0707,0.0782
81,0.0706,0.0778
82,0.0702,0.0777
83,0.0703,0.0778
84,0.0703,0.0776
85,0.0691,0.0768
86,0.0711,0.0765
87,0.0720,0.0773
88,0.0688,0.0785
89,0.0693,0.0783
90,0.0711,0.0769
91,0.0725,0.0764
92,0.0689,0.0771
93,0.0723,0.0773
94,0.0701,0.0770
95,0.0675,0.0772
96,0.0696,0.0773
97,0.0691,0.0770
98,0.0692,0.0765
99,0.0694,0.0772
100,0.0710,0.0772
101,0.0679,0.0765
102,0.0713,0.0764
103,0.0708,0.0774
104,0.0696,0.0769
105,0.0689,0.0768
106,0.0699,0.0766
107,0.0711,0.0763
108,0.0686,0.0762
109,0.0719,0.0763
110,0.0707,0.0755
111,0.0707,0.0760
112,0.0716,0.0768
113,0.0693,0.0765
114,0.0701,0.0757
115,0.0690,0.0758
116,0.0700,0.0755
117,0.0680,0.0753
118,0.0686,0.0761
119,0.0660,0.0775
120,0.0701,0.0765
121,0.0707,0.0753
122,0.0708,0.0756
123,0.0677,0.0765
124,0.0691,0.0772
125,0.0717,0.0760
126,0.0691,0.0752
127,0.0699,0.0758
128,0.0698,0.0762
129,0.0701,0.0759
130,0.0694,0.0752
131,0.0730,0.0756
132,0.0706,0.0754
133,0.0671,0.0766
134,0.0703,0.0767
135,0.0695,0.0755
136,0.0704,0.0752
137,0.0709,0.0755
138,0.0690,0.0756
139,0.0692,0.0754
140,0.0688,0.0757
141,0.0679,0.0767
142,0.0692,0.0761
143,0.0669,0.0751
144,0.0687,0.0757
145,0.0700,0.0759
146,0.0677,0.0749
147,0.0687,0.0747
148,0.0711,0.0761
149,0.0712,0.0758
150,0.0691,0.0746
151,0.0687,0.0750
152,0.0719,0.0758
153,0.0703,0.0752
154,0.0662,0.0752
155,0.0698,0.0756
156,0.0677,0.0754
157,0.0696,0.0750
158,0.0682,0.0749
159,0.0685,0.0756
160,0.0683,0.0753
161,0.0696,0.0748
162,0.0704,0.0749
163,0.0693,0.0755
164,0.0698,0.0750
165,0.0682,0.0752
166,0.0696,0.0750
167,0.0675,0.0746
168,0.0676,0.0744
169,0.0702,0.0745
170,0.0671,0.0749
171,0.0696,0.0751
172,0.0687,0.0752
173,0.0676,0.0752
174,0.0677,0.0750
175,0.0693,0.0747
176,0.0690,0.0745
177,0.0690,0.0751
178,0.0672,0.0757
179,0.0687,0.0752
180,0.0649,0.0746
181,0.0674,0.0744
182,0.0682,0.0744
183,0.0689,0.0744
184,0.0683,0.0749
185,0.0713,0.0755
186,0.0671,0.0753
187,0.0664,0.0750
188,0.0711,0.0750
189,0.0681,0.0750
190,0.0693,0.0747
191,0.0685,0.0743
192,0.0690,0.0745
193,0.0656,0.0751
194,0.0665,0.0748
195,0.0663,0.0746
196,0.0676,0.0749
197,0.0682,0.0747
198,0.0681,0.0750
199,0.0659,0.0751
200,0.0681,0.0746
201,0.0691,0.0746
202,0.0689,0.0753
203,0.0686,0.0750
204,0.0666,0.0742
205,0.0690,0.0742
206,0.0678,0.0746
207,0.0689,0.0754
208,0.0686,0.0759
209,0.0677,0.0751
210,0.0682,0.0743
211,0.0687,0.0741
212,0.0699,0.0747
213,0.0675,0.0754
214,0.0705,0.0757
215,0.0681,0.0757
216,0.0682,0.0744
217,0.0647,0.0737
218,0.0692,0.0738
219,0.0674,0.0743
220,0.0684,0.0742
221,0.0685,0.0741
222,0.0666,0.0745
223,0.0662,0.0750
224,0.0658,0.0747
225,0.0686,0.0744
226,0.0679,0.0743
227,0.0682,0.0741
228,0.0688,0.0737
229,0.0664,0.0738
230,0.0669,0.0743
231,0.0690,0.0737
232,0.0693,0.0736
233,0.0694,0.0744
234,0.0657,0.0749
235,0.0645,0.0744
236,0.0685,0.0744
237,0.0687,0.0744
238,0.0676,0.0740
239,0.0680,0.0739
240,0.0693,0.0744
241,0.0687,0.0751
242,0.0651,0.0753
243,0.0666,0.0748
244,0.0682,0.0741
245,0.0674,0.0744
246,0.0686,0.0748
247,0.0691,0.0744
248,0.0687,0.0743
249,0.0688,0.0744
250,0.0660,0.0739
251,0.0676,0.0744
252,0.0686,0.0750
253,0.0682,0.0739
254,0.0671,0.0731
255,0.0683,0.0741
256,0.0688,0.0757
257,0.0653,0.0744
258,0.0654,0.0732
259,0.0669,0.0734
260,0.0686,0.0750
261,0.0681,0.0760
262,0.0670,0.0755
263,0.0682,0.0742
264,0.0692,0.0741
265,0.0682,0.0741
266,0.0673,0.0739
267,0.0664,0.0734
268,0.0663,0.0743
269,0.0682,0.0751
270,0.0682,0.0743
271,0.0672,0.0738
272,0.0661,0.0741
273,0.0678,0.0744
274,0.0681,0.0741
275,0.0656,0.0738
276,0.0673,0.0734
277,0.0694,0.0738
278,0.0654,0.0748
279,0.0668,0.0742
280,0.0674,0.0737
281,0.0682,0.0736
282,0.0661,0.0736
283,0.0697,0.0743
284,0.0662,0.0741
285,0.0661,0.0739
286,0.0667,0.0737
287,0.0672,0.0739
288,0.0698,0.0740
289,0.0675,0.0742
290,0.0658,0.0746
291,0.0656,0.0741
292,0.0659,0.0740
293,0.0683,0.0745
294,0.0661,0.0743
295,0.0698,0.0737
296,0.0681,0.0739
297,0.0665,0.0738
298,0.0672,0.0744
299,0.0668,0.0739
300,0.0654,0.0734
301,0.0695,0.0739
302,0.0696,0.0743
303,0.0679,0.0745
304,0.0668,0.0742
