epoch,train_loss,val_loss
1,0.1261,0.0934
2,0.0831,0.0794
3,0.0751,0.0775
4,0.0738,0.0772
5,0.0735,0.0771
6,0.0735,0.0771
7,0.0734,0.0770
8,0.0733,0.0770
9,0.0733,0.0769
10,0.0733,0.0768
11,0.0732,0.0766
12,0.0730,0.0764
13,0.0729,0.0762
14,0.0726,0.0759
15,0.0724,0.0755
16,0.0721,0.0752
17,0.0719,0.0748
18,0.0715,0.0745
19,0.0713,0.0743
20,0.0711,0.0742
21,0.0710,0.0741
22,0.0708,0.0740
23,0.0706,0.0739
24,0.0705,0.0738
25,0.0703,0.0736
26,0.0700,0.0733
27,0.0697,0.0729
28,0.0693,0.0724
29,0.0685,0.0718
30,0.0674,0.0713
31,0.0666,0.0709
32,0.0656,0.0705
33,0.0663,0.0697
34,0.0656,0.0695
35,0.0655,0.0693
36,0.0646,0.0692
37,0.0647,0.0692
38,0.0643,0.0690
39,0.0651,0.0689
40,0.0637,0.0690
41,0.0641,0.0687
42,0.0637,0.0686
43,0.0634,0.0686
44,0.0634,0.0685
45,0.0643,0.0687
46,0.0632,0.0687
47,0.0637,0.0689
48,0.0639,0.0685
49,0.0636,0.0684
50,0.0630,0.0684
51,0.0629,0.0685
52,0.0631,0.0685
53,0.0635,0.0684
54,0.0630,0.0684
55,0.0622,0.0686
56,0.0635,0.0686
57,0.0632,0.0683
58,0.0621,0.0683
59,0.0621,0.0683
60,0.0627,0.0683
61,0.0621,0.0685
62,0.0629,0.0685
63,0.0625,0.0684
64,0.0623,0.0685
65,0.0631,0.0685
66,0.0635,0.0683
67,0.0620,0.0684
68,0.0624,0.0684
69,0.0622,0.0684
70,0.0622,0.0683
71,0.0620,0.0684
72,0.0619,0.0684
73,0.0629,0.0682
74,0.0618,0.0684
75,0.0621,0.0683
76,0.0617,0.0683
77,0.0621,0.0683
78,0.0617,0.0683
79,0.0620,0.0681
80,0.0622,0.0681
81,0.0619,0.0681
82,0.0616,0.0683
83,0.0617,0.0684
84,0.0617,0.0681
85,0.0612,0.0682
86,0.0614,0.0685
87,0.0611,0.0686
88,0.0616,0.0681
89,0.0618,0.0683
90,0.0614,0.0684
91,0.0618,0.0682
92,0.0615,0.0683
93,0.0613,0.0685
94,0.0613,0.0685
95,0.0612,0.0687
96,0.0614,0.0684
97,0.0612,0.0682
98,0.0612,0.0682
99,0.0609,0.0681
100,0.0607,0.0681
101,0.0606,0.0683
102,0.0611,0.0687
103,0.0614,0.0684
104,0.0613,0.0679
105,0.0609,0.0678
106,0.0603,0.0681
107,0.0610,0.0683
108,0.0611,0.0681
109,0.0605,0.0683
110,0.0610,0.0689
111,0.0613,0.0683
112,0.0614,0.0681
113,0.0608,0.0681
114,0.0609,0.0683
115,0.0605,0.0683
116,0.0607,0.0682
117,0.0611,0.0679
118,0.0613,0.0679
119,0.0602,0.0681
120,0.0604,0.0679
121,0.0606,0.0678
122,0.0605,0.0677
123,0.0607,0.0679
124,0.0609,0.0682
125,0.0605,0.0680
126,0.0603,0.0679
127,0.0605,0.0681
128,0.0608,0.0685
129,0.0611,0.0679
130,0.0604,0.0680
131,0.0605,0.0681
132,0.0606,0.0682
133,0.0606,0.0682
134,0.0604,0.0680
135,0.0603,0.0680
136,0.0606,0.0681
137,0.0601,0.0680
138,0.0610,0.0680
139,0.0605,0.0679
140,0.0603,0.0677
141,0.0603,0.0682
142,0.0606,0.0681
143,0.0606,0.0679
144,0.0600,0.0680
145,0.0603,0.0679
146,0.0602,0.0679
147,0.0606,0.0681
148,0.0604,0.0683
149,0.0600,0.0680
150,0.0606,0.0681
151,0.0605,0.0681
152,0.0597,0.0680
153,0.0604,0.0676
154,0.0601,0.0677
155,0.0612,0.0676
156,0.0606,0.0676
157,0.0604,0.0676
158,0.0606,0.0677
159,0.0600,0.0678
160,0.0603,0.0679
161,0.0601,0.0678
162,0.0600,0.0678
163,0.0601,0.0679
164,0.0600,0.0677
165,0.0605,0.0676
166,0.0599,0.0676
167,0.0601,0.0678
168,0.0601,0.0679
169,0.0600,0.0680
170,0.0605,0.0680
171,0.0602,0.0680
172,0.0603,0.0679
173,0.0603,0.0679
174,0.0602,0.0676
175,0.0606,0.0679
176,0.0599,0.0679
177,0.0602,0.0680
178,0.0599,0.0681
179,0.0604,0.0687
180,0.0602,0.0685
181,0.0602,0.0677
182,0.0602,0.0674
183,0.0609,0.0674
184,0.0599,0.0677
185,0.0603,0.0680
186,0.0603,0.0678
187,0.0602,0.0677
188,0.0598,0.0677
189,0.0599,0.0680
190,0.0599,0.0682
191,0.0603,0.0684
192,0.0597,0.0679
193,0.0599,0.0678
194,0.0604,0.0678
195,0.0602,0.0679
196,0.0594,0.0679
197,0.0599,0.0681
198,0.0601,0.0680
199,0.0600,0.0677
200,0.0598,0.0674
201,0.0599,0.0673
202,0.0601,0.0675
203,0.0601,0.0675
204,0.0599,0.0677
205,0.0599,0.0682
206,0.0597,0.0681
207,0.0599,0.0678
208,0.0602,0.0679
209,0.0602,0.0677
210,0.0599,0.0674
211,0.0600,0.0675
212,0.0601,0.0675
213,0.0595,0.0678
214,0.0598,0.0680
215,0.0600,0.0676
216,0.0594,0.0675
217,0.0598,0.0678
218,0.0601,0.0677
219,0.0597,0.0679
220,0.0598,0.0680
221,0.0602,0.0677
222,0.0598,0.0678
223,0.0596,0.0679
224,0.0603,0.0679
225,0.0598,0.0677
226,0.0597,0.0679
227,0.0596,0.0680
228,0.0599,0.0677
229,0.0597,0.0678
230,0.0596,0.0679
231,0.0596,0.0679
232,0.0601,0.0678
233,0.0601,0.0676
234,0.0598,0.0674
235,0.0598,0.0676
236,0.0601,0.0678
237,0.0599,0.0676
238,0.0597,0.0672
239,0.0600,0.0675
240,0.0597,0.0675
241,0.0599,0.0675
242,0.0599,0.0675
243,0.0595,0.0675
244,0.0600,0.0674
245,0.0598,0.0676
246,0.0598,0.0677
247,0.0596,0.0678
248,0.0596,0.0677
249,0.0595,0.0677
250,0.0599,0.0676
251,0.0598,0.0676
252,0.0601,0.0678
253,0.0595,0.0677
254,0.0596,0.0677
255,0.0596,0.0679
256,0.0599,0.0679
257,0.0598,0.0679
258,0.0596,0.0679
259,0.0596,0.0678
260,0.0597,0.0679
261,0.0595,0.0680
262,0.0597,0.0677
263,0.0600,0.0675
264,0.0595,0.0673
265,0.0599,0.0674
266,0.0599,0.0675
267,0.0598,0.0679
268,0.0600,0.0681
269,0.0598,0.0682
270,0.0600,0.0680
271,0.0596,0.0679
272,0.0596,0.0677
273,0.0596,0.0677
274,0.0595,0.0680
275,0.0598,0.0677
276,0.0598,0.0674
277,0.0595,0.0672
278,0.0596,0.0676
279,0.0597,0.0679
280,0.0595,0.0680
281,0.0595,0.0674
282,0.0597,0.0671
283,0.0599,0.0673
284,0.0596,0.0680
285,0.0599,0.0681
286,0.0596,0.0677
287,0.0597,0.0675
288,0.0602,0.0674
289,0.0598,0.0678
290,0.0600,0.0678
291,0.0598,0.0681
292,0.0599,0.0680
293,0.0600,0.0677
294,0.0595,0.0676
295,0.0598,0.0674
296,0.0594,0.0677
297,0.0594,0.0683
298,0.0593,0.0680
299,0.0595,0.0677
300,0.0598,0.0677
301,0.0600,0.0677
302,0.0597,0.0676
303,0.0597,0.0685
304,0.0598,0.0682
305,0.0598,0.0677
306,0.0592,0.0676
307,0.0599,0.0678
308,0.0594,0.0683
309,0.0593,0.0680
310,0.0594,0.0678
311,0.0598,0.0678
312,0.0599,0.0677
313,0.0597,0.0679
314,0.0595,0.0682
315,0.0601,0.0679
316,0.0595,0.0678
317,0.0593,0.0680
318,0.0596,0.0681
319,0.0597,0.0678
320,0.0594,0.0676
321,0.0594,0.0677
322,0.0594,0.0678
323,0.0593,0.0678
324,0.0598,0.0677
325,0.0595,0.0678
326,0.0597,0.0677
327,0.0597,0.0678
328,0.0596,0.0680
329,0.0598,0.0676
330,0.0597,0.0678
331,0.0598,0.0681
332,0.0596,0.0679
