epoch,train_loss,val_loss
1,0.0982,0.0964
2,0.0689,0.0952
3,0.0685,0.0951
4,0.0685,0.0951
5,0.0685,0.0951
6,0.0685,0.0951
7,0.0685,0.0951
8,0.0685,0.0951
9,0.0685,0.0951
10,0.0685,0.0951
11,0.0685,0.0951
12,0.0685,0.0951
13,0.0685,0.0951
14,0.0685,0.0951
15,0.0685,0.0951
16,0.0685,0.0951
17,0.0685,0.0951
18,0.0685,0.0951
19,0.0685,0.0951
20,0.0685,0.0951
21,0.0685,0.0951
22,0.0685,0.0951
23,0.0685,0.0951
24,0.0685,0.0951
25,0.0685,0.0951
26,0.0685,0.0951
27,0.0685,0.0951
28,0.0685,0.0951
29,0.0685,0.0951
30,0.0685,0.0951
31,0.0685,0.0951
32,0.0685,0.0951
33,0.0685,0.0951
34,0.0685,0.0951
35,0.0685,0.0951
36,0.0685,0.0951
37,0.0685,0.0951
38,0.0685,0.0951
39,0.0685,0.0951
40,0.0685,0.0951
41,0.0685,0.0951
42,0.0685,0.0951
43,0.0685,0.0951
44,0.0685,0.0951
45,0.0685,0.0951
46,0.0685,0.0951
47,0.0685,0.0951
48,0.0685,0.0951
49,0.0685,0.0951
50,0.0685,0.0951
51,0.0685,0.0951
52,0.0685,0.0951
53,0.0685,0.0951
54,0.0685,0.0951
55,0.0685,0.0951
56,0.0685,0.0951
57,0.0685,0.0951
58,0.0685,0.0951
59,0.0685,0.0951
60,0.0685,0.0951
61,0.0685,0.0951
62,0.0685,0.0951
63,0.0685,0.0951
64,0.0685,0.0951
65,0.0685,0.0951
66,0.0685,0.0951
67,0.0685,0.0951
68,0.0685,0.0951
69,0.0685,0.0951
70,0.0685,0.0951
71,0.0685,0.0951
72,0.0685,0.0951
73,0.0685,0.0951
74,0.0685,0.0951
75,0.0685,0.0951
76,0.0685,0.0951
77,0.0685,0.0951
78,0.0685,0.0951
79,0.0685,0.0951
80,0.0685,0.0951
81,0.0685,0.0951
82,0.0685,0.0951
83,0.0685,0.0951
84,0.0685,0.0951
85,0.0685,0.0951
86,0.0685,0.0951
87,0.0685,0.0951
88,0.0685,0.0951
89,0.0685,0.0951
90,0.0685,0.0951
91,0.0685,0.0951
92,0.0685,0.0951
93,0.0685,0.0951
94,0.0685,0.0951
95,0.0685,0.0951
96,0.0685,0.0951
97,0.0685,0.0951
98,0.0685,0.0951
99,0.0685,0.0951
100,0.0685,0.0951
101,0.0685,0.0951
102,0.0685,0.0951
103,0.0685,0.0951
104,0.0685,0.0951
105,0.0685,0.0951
106,0.0685,0.0951
107,0.0685,0.0951
108,0.0685,0.0951
109,0.0685,0.0951
110,0.0685,0.0951
111,0.0685,0.0951
112,0.0685,0.0951
113,0.0685,0.0951
114,0.0685,0.0951
115,0.0685,0.0951
116,0.0685,0.0951
117,0.0685,0.0951
118,0.0685,0.0951
119,0.0685,0.0951
120,0.0685,0.0951
121,0.0685,0.0951
122,0.0685,0.0951
123,0.0685,0.0951
124,0.0685,0.0951
125,0.0685,0.0951
126,0.0685,0.0951
127,0.0685,0.0951
128,0.0685,0.0951
129,0.0685,0.0951
130,0.0685,0.0951
131,0.0685,0.0951
132,0.0685,0.0951
133,0.0685,0.0951
134,0.0685,0.0951
135,0.0685,0.0951
136,0.0685,0.0951
137,0.0685,0.0951
138,0.0685,0.0951
139,0.0685,0.0951
140,0.0685,0.0951
141,0.0685,0.0951
142,0.0685,0.0951
143,0.0685,0.0951
144,0.0685,0.0951
145,0.0685,0.0951
146,0.0685,0.0951
147,0.0685,0.0951
148,0.0685,0.0951
149,0.0685,0.0951
150,0.0685,0.0951
151,0.0685,0.0951
152,0.0685,0.0951
153,0.0685,0.0951
154,0.0685,0.0951
155,0.0685,0.0951
156,0.0685,0.0951
157,0.0685,0.0951
158,0.0685,0.0951
159,0.0685,0.0951
160,0.0685,0.0951
161,0.0685,0.0951
162,0.0685,0.0951
163,0.0685,0.0951
164,0.0685,0.0951
165,0.0685,0.0951
166,0.0685,0.0951
167,0.0685,0.0951
168,0.0685,0.0951
169,0.0685,0.0951
170,0.0685,0.0951
171,0.0685,0.0951
172,0.0685,0.0951
173,0.0685,0.0951
174,0.0685,0.0951
175,0.0685,0.0951
176,0.0685,0.0951
177,0.0685,0.0951
178,0.0685,0.0951
179,0.0685,0.0951
180,0.0685,0.0951
181,0.0685,0.0951
182,0.0685,0.0951
183,0.0685,0.0951
184,0.0685,0.0951
185,0.0685,0.0951
186,0.0685,0.0951
187,0.0685,0.0951
188,0.0685,0.0951
189,0.0685,0.0951
190,0.0685,0.0951
191,0.0685,0.0951
192,0.0685,0.0951
193,0.0685,0.0951
194,0.0685,0.0951
195,0.0685,0.0951
196,0.0685,0.0951
197,0.0685,0.0951
198,0.0685,0.0951
199,0.0685,0.0951
200,0.0685,0.0951
201,0.0685,0.0951
202,0.0685,0.0951
203,0.0685,0.0951
