epoch,train_loss,val_loss
1,0.1115,0.0815
2,0.0843,0.0771
3,0.0844,0.0767
4,0.0824,0.0767
5,0.0830,0.0766
6,0.0820,0.0766
7,0.0794,0.0766
8,0.0816,0.0766
9,0.0844,0.0766
10,0.0827,0.0766
11,0.0830,0.0766
12,0.0830,0.0766
13,0.0831,0.0766
14,0.0847,0.0766
15,0.0828,0.0766
16,0.0845,0.0766
17,0.0830,0.0766
18,0.0831,0.0766
19,0.0814,0.0766
20,0.0824,0.0766
21,0.0831,0.0766
22,0.0835,0.0766
23,0.0825,0.0766
24,0.0817,0.0766
25,0.0834,0.0766
26,0.0810,0.0766
27,0.0831,0.0766
28,0.0841,0.0766
29,0.0826,0.0766
30,0.0843,0.0766
31,0.0790,0.0766
32,0.0838,0.0766
33,0.0837,0.0766
34,0.0818,0.0766
35,0.0843,0.0766
36,0.0837,0.0766
37,0.0835,0.0766
38,0.0844,0.0766
39,0.0790,0.0766
40,0.0820,0.0766
41,0.0825,0.0766
42,0.0832,0.0766
43,0.0829,0.0766
44,0.0815,0.0766
45,0.0835,0.0766
46,0.0833,0.0766
47,0.0813,0.0766
48,0.0818,0.0766
49,0.0858,0.0766
50,0.0823,0.0766
51,0.0822,0.0766
52,0.0808,0.0766
53,0.0823,0.0766
54,0.0828,0.0766
55,0.0822,0.0766
56,0.0847,0.0766
57,0.0819,0.0766
58,0.0821,0.0766
59,0.0820,0.0766
60,0.0830,0.0766
61,0.0830,0.0766
62,0.0844,0.0766
63,0.0823,0.0766
64,0.0813,0.0766
65,0.0829,0.0766
66,0.0825,0.0766
67,0.0827,0.0766
68,0.0826,0.0766
69,0.0806,0.0766
70,0.0823,0.0766
71,0.0825,0.0766
72,0.0842,0.0766
73,0.0835,0.0766
74,0.0833,0.0766
75,0.0837,0.0766
76,0.0829,0.0766
77,0.0832,0.0766
78,0.0838,0.0766
79,0.0853,0.0766
80,0.0826,0.0766
81,0.0825,0.0766
82,0.0818,0.0766
83,0.0823,0.0766
84,0.0833,0.0766
85,0.0810,0.0766
86,0.0819,0.0766
87,0.0826,0.0766
88,0.0822,0.0766
89,0.0822,0.0766
90,0.0827,0.0766
91,0.0835,0.0766
92,0.0831,0.0766
93,0.0825,0.0766
94,0.0830,0.0766
95,0.0821,0.0766
96,0.0804,0.0766
97,0.0824,0.0766
98,0.0815,0.0766
99,0.0834,0.0766
100,0.0831,0.0766
101,0.0846,0.0766
102,0.0802,0.0766
103,0.0814,0.0766
104,0.0826,0.0766
105,0.0811,0.0766
106,0.0826,0.0766
107,0.0824,0.0766
108,0.0829,0.0766
109,0.0825,0.0766
110,0.0824,0.0766
111,0.0829,0.0766
112,0.0831,0.0766
113,0.0822,0.0766
114,0.0850,0.0766
115,0.0842,0.0766
116,0.0847,0.0766
117,0.0829,0.0766
118,0.0808,0.0766
119,0.0823,0.0766
120,0.0844,0.0766
121,0.0824,0.0766
122,0.0810,0.0766
123,0.0823,0.0766
124,0.0845,0.0766
125,0.0838,0.0766
126,0.0817,0.0766
127,0.0839,0.0766
128,0.0841,0.0766
129,0.0823,0.0766
130,0.0818,0.0766
131,0.0815,0.0766
132,0.0833,0.0766
133,0.0827,0.0766
134,0.0828,0.0766
135,0.0839,0.0766
136,0.0815,0.0766
137,0.0821,0.0766
138,0.0826,0.0766
139,0.0826,0.0766
140,0.0832,0.0766
141,0.0818,0.0766
142,0.0830,0.0766
143,0.0818,0.0766
144,0.0818,0.0766
145,0.0856,0.0766
146,0.0815,0.0766
147,0.0830,0.0766
148,0.0826,0.0766
149,0.0826,0.0766
150,0.0842,0.0766
151,0.0851,0.0766
152,0.0824,0.0766
153,0.0846,0.0766
154,0.0809,0.0766
155,0.0835,0.0766
156,0.0814,0.0766
157,0.0835,0.0766
158,0.0833,0.0766
159,0.0809,0.0766
160,0.0813,0.0766
161,0.0816,0.0766
162,0.0835,0.0766
163,0.0846,0.0766
164,0.0834,0.0766
165,0.0827,0.0766
166,0.0831,0.0766
167,0.0835,0.0766
168,0.0811,0.0766
169,0.0811,0.0766
170,0.0826,0.0766
171,0.0814,0.0766
172,0.0821,0.0766
173,0.0823,0.0766
174,0.0861,0.0766
175,0.0840,0.0766
176,0.0805,0.0766
177,0.0819,0.0766
178,0.0830,0.0766
179,0.0835,0.0766
180,0.0830,0.0766
181,0.0823,0.0766
182,0.0837,0.0766
183,0.0851,0.0766
184,0.0832,0.0766
185,0.0812,0.0766
186,0.0855,0.0766
187,0.0833,0.0766
188,0.0821,0.0766
189,0.0830,0.0766
190,0.0817,0.0766
191,0.0816,0.0766
192,0.0813,0.0766
193,0.0840,0.0766
194,0.0834,0.0766
195,0.0819,0.0766
196,0.0812,0.0766
197,0.0833,0.0766
198,0.0815,0.0766
199,0.0852,0.0766
200,0.0820,0.0766
201,0.0830,0.0766
202,0.0827,0.0766
203,0.0811,0.0766
204,0.0815,0.0766
205,0.0827,0.0766
206,0.0837,0.0766
207,0.0820,0.0766
208,0.0842,0.0766
209,0.0823,0.0766
210,0.0831,0.0766
211,0.0833,0.0766
212,0.0833,0.0766
213,0.0827,0.0766
214,0.0826,0.0766
215,0.0830,0.0766
216,0.0809,0.0766
217,0.0830,0.0766
218,0.0823,0.0766
219,0.0830,0.0766
220,0.0829,0.0766
221,0.0829,0.0766
222,0.0828,0.0766
223,0.0825,0.0766
224,0.0829,0.0766
225,0.0821,0.0766
226,0.0814,0.0766
227,0.0822,0.0766
228,0.0820,0.0766
229,0.0850,0.0766
230,0.0820,0.0766
231,0.0830,0.0766
232,0.0826,0.0766
233,0.0852,0.0766
234,0.0839,0.0766
235,0.0814,0.0766
236,0.0824,0.0766
237,0.0818,0.0766
238,0.0832,0.0766
239,0.0846,0.0766
240,0.0820,0.0766
241,0.0822,0.0766
242,0.0810,0.0766
243,0.0842,0.0766
244,0.0840,0.0766
245,0.0836,0.0766
246,0.0851,0.0766
247,0.0839,0.0766
248,0.0840,0.0766
249,0.0811,0.0766
250,0.0841,0.0766
251,0.0819,0.0766
252,0.0820,0.0766
253,0.0815,0.0766
254,0.0821,0.0766
255,0.0819,0.0766
256,0.0837,0.0766
257,0.0809,0.0766
258,0.0833,0.0766
259,0.0820,0.0766
260,0.0843,0.0766
261,0.0823,0.0766
262,0.0820,0.0766
263,0.0846,0.0766
264,0.0808,0.0766
265,0.0832,0.0766
266,0.0849,0.0766
267,0.0823,0.0766
268,0.0842,0.0766
269,0.0842,0.0766
270,0.0846,0.0766
271,0.0837,0.0766
272,0.0809,0.0766
273,0.0837,0.0766
274,0.0829,0.0766
275,0.0821,0.0766
276,0.0815,0.0766
277,0.0834,0.0766
278,0.0823,0.0766
279,0.0830,0.0766
280,0.0843,0.0766
281,0.0817,0.0766
282,0.0820,0.0766
283,0.0839,0.0766
284,0.0816,0.0766
285,0.0842,0.0766
286,0.0841,0.0766
287,0.0828,0.0766
288,0.0832,0.0766
289,0.0819,0.0766
290,0.0836,0.0766
291,0.0816,0.0766
292,0.0827,0.0766
293,0.0822,0.0766
294,0.0822,0.0766
295,0.0818,0.0766
296,0.0857,0.0766
297,0.0820,0.0766
298,0.0844,0.0766
299,0.0828,0.0766
300,0.0820,0.0766
301,0.0833,0.0766
302,0.0842,0.0766
303,0.0834,0.0766
304,0.0808,0.0766
305,0.0810,0.0766
306,0.0842,0.0766
307,0.0818,0.0766
308,0.0841,0.0766
309,0.0837,0.0766
310,0.0831,0.0766
311,0.0823,0.0766
312,0.0838,0.0766
313,0.0837,0.0766
314,0.0838,0.0766
315,0.0832,0.0766
316,0.0827,0.0766
317,0.0865,0.0766
318,0.0812,0.0766
319,0.0810,0.0766
320,0.0829,0.0766
321,0.0833,0.0766
322,0.0816,0.0766
323,0.0827,0.0766
324,0.0834,0.0766
325,0.0811,0.0766
326,0.0810,0.0766
327,0.0814,0.0766
328,0.0809,0.0766
329,0.0812,0.0766
330,0.0821,0.0766
331,0.0819,0.0766
332,0.0819,0.0766
333,0.0849,0.0766
334,0.0840,0.0766
335,0.0846,0.0766
336,0.0841,0.0766
337,0.0841,0.0766
338,0.0850,0.0766
339,0.0839,0.0766
340,0.0859,0.0766
341,0.0822,0.0766
342,0.0851,0.0766
343,0.0832,0.0766
344,0.0821,0.0766
345,0.0819,0.0766
346,0.0843,0.0766
347,0.0821,0.0766
348,0.0842,0.0766
349,0.0818,0.0766
350,0.0831,0.0766
351,0.0814,0.0766
352,0.0825,0.0766
353,0.0829,0.0766
354,0.0843,0.0766
355,0.0821,0.0766
356,0.0825,0.0766
357,0.0817,0.0766
358,0.0815,0.0766
359,0.0808,0.0766
360,0.0839,0.0766
361,0.0832,0.0766
362,0.0837,0.0766
363,0.0826,0.0766
364,0.0825,0.0766
365,0.0837,0.0766
366,0.0826,0.0766
367,0.0845,0.0766
368,0.0849,0.0766
369,0.0808,0.0766
370,0.0828,0.0766
371,0.0830,0.0766
372,0.0840,0.0766
373,0.0826,0.0766
374,0.0843,0.0766
375,0.0830,0.0766
376,0.0810,0.0766
377,0.0826,0.0766
378,0.0825,0.0766
379,0.0819,0.0766
380,0.0827,0.0766
381,0.0829,0.0766
382,0.0831,0.0766
383,0.0818,0.0766
384,0.0833,0.0766
385,0.0835,0.0766
386,0.0809,0.0766
387,0.0823,0.0766
388,0.0805,0.0766
389,0.0836,0.0766
390,0.0842,0.0766
391,0.0821,0.0766
392,0.0823,0.0766
393,0.0820,0.0766
394,0.0825,0.0766
395,0.0830,0.0766
396,0.0818,0.0766
397,0.0832,0.0766
398,0.0837,0.0766
399,0.0851,0.0766
400,0.0826,0.0766
401,0.0839,0.0766
402,0.0828,0.0766
403,0.0838,0.0766
404,0.0826,0.0766
405,0.0827,0.0766
406,0.0813,0.0766
407,0.0840,0.0766
408,0.0809,0.0766
409,0.0818,0.0766
410,0.0818,0.0766
411,0.0834,0.0766
412,0.0812,0.0766
413,0.0825,0.0766
414,0.0832,0.0766
415,0.0820,0.0766
416,0.0820,0.0766
417,0.0843,0.0766
418,0.0815,0.0766
419,0.0836,0.0766
420,0.0817,0.0766
421,0.0849,0.0766
422,0.0829,0.0766
423,0.0802,0.0766
424,0.0814,0.0766
425,0.0838,0.0766
426,0.0809,0.0766
427,0.0834,0.0766
428,0.0828,0.0766
429,0.0825,0.0766
430,0.0816,0.0766
431,0.0813,0.0766
432,0.0809,0.0766
433,0.0812,0.0766
434,0.0823,0.0766
435,0.0818,0.0766
436,0.0844,0.0766
437,0.0812,0.0766
438,0.0839,0.0766
439,0.0822,0.0766
440,0.0844,0.0766
441,0.0834,0.0766
442,0.0827,0.0766
443,0.0814,0.0766
444,0.0827,0.0766
445,0.0812,0.0766
446,0.0838,0.0766
447,0.0842,0.0766
448,0.0835,0.0766
449,0.0831,0.0766
450,0.0816,0.0766
451,0.0822,0.0766
452,0.0825,0.0766
453,0.0823,0.0766
454,0.0829,0.0766
455,0.0824,0.0766
456,0.0829,0.0766
457,0.0816,0.0766
458,0.0829,0.0766
459,0.0837,0.0766
460,0.0834,0.0766
461,0.0850,0.0766
462,0.0822,0.0766
463,0.0833,0.0766
464,0.0828,0.0766
465,0.0810,0.0766
466,0.0810,0.0766
467,0.0823,0.0766
468,0.0830,0.0766
469,0.0822,0.0766
470,0.0831,0.0766
471,0.0819,0.0766
472,0.0816,0.0766
473,0.0812,0.0766
474,0.0819,0.0766
475,0.0833,0.0766
476,0.0839,0.0766
477,0.0832,0.0766
478,0.0836,0.0766
479,0.0832,0.0766
480,0.0835,0.0766
481,0.0812,0.0766
482,0.0852,0.0766
483,0.0835,0.0766
484,0.0825,0.0766
485,0.0833,0.0766
486,0.0820,0.0766
487,0.0832,0.0766
488,0.0833,0.0766
489,0.0819,0.0766
490,0.0853,0.0766
491,0.0830,0.0766
492,0.0836,0.0766
493,0.0807,0.0766
494,0.0836,0.0766
495,0.0836,0.0766
496,0.0829,0.0766
497,0.0845,0.0766
498,0.0833,0.0766
499,0.0819,0.0766
500,0.0818,0.0766
